2000.12.20 11:24 B C:\marco\mfiles\toolbox\rbk\RigidBodyKinematics_Unix\addEP.m <-- pc-lov /home/lovera/mfiles/toolbox/rbk/RigidBodyKinematics_Unix addEP.m
2000.12.20 11:24 B C:\marco\mfiles\toolbox\rbk\RigidBodyKinematics_Unix\addEuler121.m <-- pc-lov /home/lovera/mfiles/toolbox/rbk/RigidBodyKinematics_Unix addEuler121.m
2000.12.20 11:24 B C:\marco\mfiles\toolbox\rbk\RigidBodyKinematics_Unix\addEuler123.m <-- pc-lov /home/lovera/mfiles/toolbox/rbk/RigidBodyKinematics_Unix addEuler123.m
2000.12.20 11:24 B C:\marco\mfiles\toolbox\rbk\RigidBodyKinematics_Unix\addEuler131.m <-- pc-lov /home/lovera/mfiles/toolbox/rbk/RigidBodyKinematics_Unix addEuler131.m
2000.12.20 11:24 B C:\marco\mfiles\toolbox\rbk\RigidBodyKinematics_Unix\addEuler132.m <-- pc-lov /home/lovera/mfiles/toolbox/rbk/RigidBodyKinematics_Unix addEuler132.m
2000.12.20 11:24 B C:\marco\mfiles\toolbox\rbk\RigidBodyKinematics_Unix\addEuler212.m <-- pc-lov /home/lovera/mfiles/toolbox/rbk/RigidBodyKinematics_Unix addEuler212.m
2000.12.20 11:24 B C:\marco\mfiles\toolbox\rbk\RigidBodyKinematics_Unix\addEuler213.m <-- pc-lov /home/lovera/mfiles/toolbox/rbk/RigidBodyKinematics_Unix addEuler213.m
2000.12.20 11:24 B C:\marco\mfiles\toolbox\rbk\RigidBodyKinematics_Unix\addEuler231.m <-- pc-lov /home/lovera/mfiles/toolbox/rbk/RigidBodyKinematics_Unix addEuler231.m
2000.12.20 11:24 B C:\marco\mfiles\toolbox\rbk\RigidBodyKinematics_Unix\addEuler232.m <-- pc-lov /home/lovera/mfiles/toolbox/rbk/RigidBodyKinematics_Unix addEuler232.m
2000.12.20 11:24 B C:\marco\mfiles\toolbox\rbk\RigidBodyKinematics_Unix\addEuler312.m <-- pc-lov /home/lovera/mfiles/toolbox/rbk/RigidBodyKinematics_Unix addEuler312.m
2000.12.20 11:24 B C:\marco\mfiles\toolbox\rbk\RigidBodyKinematics_Unix\addEuler313.m <-- pc-lov /home/lovera/mfiles/toolbox/rbk/RigidBodyKinematics_Unix addEuler313.m
2000.12.20 11:24 B C:\marco\mfiles\toolbox\rbk\RigidBodyKinematics_Unix\addEuler321.m <-- pc-lov /home/lovera/mfiles/toolbox/rbk/RigidBodyKinematics_Unix addEuler321.m
2000.12.20 11:24 B C:\marco\mfiles\toolbox\rbk\RigidBodyKinematics_Unix\addEuler323.m <-- pc-lov /home/lovera/mfiles/toolbox/rbk/RigidBodyKinematics_Unix addEuler323.m
2000.12.20 11:24 B C:\marco\mfiles\toolbox\rbk\RigidBodyKinematics_Unix\addGibbs.m <-- pc-lov /home/lovera/mfiles/toolbox/rbk/RigidBodyKinematics_Unix addGibbs.m
2000.12.20 11:24 B C:\marco\mfiles\toolbox\rbk\RigidBodyKinematics_Unix\addMRP.m <-- pc-lov /home/lovera/mfiles/toolbox/rbk/RigidBodyKinematics_Unix addMRP.m
2000.12.20 11:24 B C:\marco\mfiles\toolbox\rbk\RigidBodyKinematics_Unix\addPRV.m <-- pc-lov /home/lovera/mfiles/toolbox/rbk/RigidBodyKinematics_Unix addPRV.m
2000.12.20 11:24 B C:\marco\mfiles\toolbox\rbk\RigidBodyKinematics_Unix\BinvEP.m <-- pc-lov /home/lovera/mfiles/toolbox/rbk/RigidBodyKinematics_Unix BinvEP.m
2000.12.20 11:24 B C:\marco\mfiles\toolbox\rbk\RigidBodyKinematics_Unix\BinvEuler121.m <-- pc-lov /home/lovera/mfiles/toolbox/rbk/RigidBodyKinematics_Unix BinvEuler121.m
2000.12.20 11:24 B C:\marco\mfiles\toolbox\rbk\RigidBodyKinematics_Unix\BinvEuler123.m <-- pc-lov /home/lovera/mfiles/toolbox/rbk/RigidBodyKinematics_Unix BinvEuler123.m
2000.12.20 11:24 B C:\marco\mfiles\toolbox\rbk\RigidBodyKinematics_Unix\BinvEuler131.m <-- pc-lov /home/lovera/mfiles/toolbox/rbk/RigidBodyKinematics_Unix BinvEuler131.m
2000.12.20 11:24 B C:\marco\mfiles\toolbox\rbk\RigidBodyKinematics_Unix\BinvEuler132.m <-- pc-lov /home/lovera/mfiles/toolbox/rbk/RigidBodyKinematics_Unix BinvEuler132.m
2000.12.20 11:24 B C:\marco\mfiles\toolbox\rbk\RigidBodyKinematics_Unix\BinvEuler212.m <-- pc-lov /home/lovera/mfiles/toolbox/rbk/RigidBodyKinematics_Unix BinvEuler212.m
2000.12.20 11:24 B C:\marco\mfiles\toolbox\rbk\RigidBodyKinematics_Unix\BinvEuler213.m <-- pc-lov /home/lovera/mfiles/toolbox/rbk/RigidBodyKinematics_Unix BinvEuler213.m
2000.12.20 11:24 B C:\marco\mfiles\toolbox\rbk\RigidBodyKinematics_Unix\BinvEuler231.m <-- pc-lov /home/lovera/mfiles/toolbox/rbk/RigidBodyKinematics_Unix BinvEuler231.m
2000.12.20 11:24 B C:\marco\mfiles\toolbox\rbk\RigidBodyKinematics_Unix\BinvEuler232.m <-- pc-lov /home/lovera/mfiles/toolbox/rbk/RigidBodyKinematics_Unix BinvEuler232.m
2000.12.20 11:24 B C:\marco\mfiles\toolbox\rbk\RigidBodyKinematics_Unix\BinvEuler312.m <-- pc-lov /home/lovera/mfiles/toolbox/rbk/RigidBodyKinematics_Unix BinvEuler312.m
2000.12.20 11:24 B C:\marco\mfiles\toolbox\rbk\RigidBodyKinematics_Unix\BinvEuler313.m <-- pc-lov /home/lovera/mfiles/toolbox/rbk/RigidBodyKinematics_Unix BinvEuler313.m
2000.12.20 11:24 B C:\marco\mfiles\toolbox\rbk\RigidBodyKinematics_Unix\BinvEuler321.m <-- pc-lov /home/lovera/mfiles/toolbox/rbk/RigidBodyKinematics_Unix BinvEuler321.m
2000.12.20 11:24 B C:\marco\mfiles\toolbox\rbk\RigidBodyKinematics_Unix\BinvEuler323.m <-- pc-lov /home/lovera/mfiles/toolbox/rbk/RigidBodyKinematics_Unix BinvEuler323.m
2000.12.20 11:24 B C:\marco\mfiles\toolbox\rbk\RigidBodyKinematics_Unix\BinvGibbs.m <-- pc-lov /home/lovera/mfiles/toolbox/rbk/RigidBodyKinematics_Unix BinvGibbs.m
2000.12.20 11:24 B C:\marco\mfiles\toolbox\rbk\RigidBodyKinematics_Unix\BinvMRP.m <-- pc-lov /home/lovera/mfiles/toolbox/rbk/RigidBodyKinematics_Unix BinvMRP.m
2000.12.20 11:24 B C:\marco\mfiles\toolbox\rbk\RigidBodyKinematics_Unix\BinvPRV.m <-- pc-lov /home/lovera/mfiles/toolbox/rbk/RigidBodyKinematics_Unix BinvPRV.m
2000.12.20 11:24 B C:\marco\mfiles\toolbox\rbk\RigidBodyKinematics_Unix\BmatEP.m <-- pc-lov /home/lovera/mfiles/toolbox/rbk/RigidBodyKinematics_Unix BmatEP.m
2000.12.20 11:24 B C:\marco\mfiles\toolbox\rbk\RigidBodyKinematics_Unix\BmatEuler121.m <-- pc-lov /home/lovera/mfiles/toolbox/rbk/RigidBodyKinematics_Unix BmatEuler121.m
2000.12.20 11:24 B C:\marco\mfiles\toolbox\rbk\RigidBodyKinematics_Unix\BmatEuler123.m <-- pc-lov /home/lovera/mfiles/toolbox/rbk/RigidBodyKinematics_Unix BmatEuler123.m
2000.12.20 11:24 B C:\marco\mfiles\toolbox\rbk\RigidBodyKinematics_Unix\BmatEuler131.m <-- pc-lov /home/lovera/mfiles/toolbox/rbk/RigidBodyKinematics_Unix BmatEuler131.m
2000.12.20 11:24 B C:\marco\mfiles\toolbox\rbk\RigidBodyKinematics_Unix\BmatEuler132.m <-- pc-lov /home/lovera/mfiles/toolbox/rbk/RigidBodyKinematics_Unix BmatEuler132.m
2000.12.20 11:24 B C:\marco\mfiles\toolbox\rbk\RigidBodyKinematics_Unix\BmatEuler212.m <-- pc-lov /home/lovera/mfiles/toolbox/rbk/RigidBodyKinematics_Unix BmatEuler212.m
2000.12.20 11:24 B C:\marco\mfiles\toolbox\rbk\RigidBodyKinematics_Unix\BmatEuler213.m <-- pc-lov /home/lovera/mfiles/toolbox/rbk/RigidBodyKinematics_Unix BmatEuler213.m
2000.12.20 11:24 B C:\marco\mfiles\toolbox\rbk\RigidBodyKinematics_Unix\BmatEuler231.m <-- pc-lov /home/lovera/mfiles/toolbox/rbk/RigidBodyKinematics_Unix BmatEuler231.m
2000.12.20 11:24 B C:\marco\mfiles\toolbox\rbk\RigidBodyKinematics_Unix\BmatEuler232.m <-- pc-lov /home/lovera/mfiles/toolbox/rbk/RigidBodyKinematics_Unix BmatEuler232.m
2000.12.20 11:24 B C:\marco\mfiles\toolbox\rbk\RigidBodyKinematics_Unix\BmatEuler312.m <-- pc-lov /home/lovera/mfiles/toolbox/rbk/RigidBodyKinematics_Unix BmatEuler312.m
2000.12.20 11:24 B C:\marco\mfiles\toolbox\rbk\RigidBodyKinematics_Unix\BmatEuler313.m <-- pc-lov /home/lovera/mfiles/toolbox/rbk/RigidBodyKinematics_Unix BmatEuler313.m
2000.12.20 11:24 B C:\marco\mfiles\toolbox\rbk\RigidBodyKinematics_Unix\BmatEuler321.m <-- pc-lov /home/lovera/mfiles/toolbox/rbk/RigidBodyKinematics_Unix BmatEuler321.m
2000.12.20 11:24 B C:\marco\mfiles\toolbox\rbk\RigidBodyKinematics_Unix\BmatEuler323.m <-- pc-lov /home/lovera/mfiles/toolbox/rbk/RigidBodyKinematics_Unix BmatEuler323.m
2000.12.20 11:24 B C:\marco\mfiles\toolbox\rbk\RigidBodyKinematics_Unix\BmatGibbs.m <-- pc-lov /home/lovera/mfiles/toolbox/rbk/RigidBodyKinematics_Unix BmatGibbs.m
2000.12.20 11:24 B C:\marco\mfiles\toolbox\rbk\RigidBodyKinematics_Unix\BmatMRP.m <-- pc-lov /home/lovera/mfiles/toolbox/rbk/RigidBodyKinematics_Unix BmatMRP.m
2000.12.20 11:24 B C:\marco\mfiles\toolbox\rbk\RigidBodyKinematics_Unix\BmatPRV.m <-- pc-lov /home/lovera/mfiles/toolbox/rbk/RigidBodyKinematics_Unix BmatPRV.m
2000.12.20 11:24 B C:\marco\mfiles\toolbox\rbk\RigidBodyKinematics_Unix\C2EP.m <-- pc-lov /home/lovera/mfiles/toolbox/rbk/RigidBodyKinematics_Unix C2EP.m
2000.12.20 11:24 B C:\marco\mfiles\toolbox\rbk\RigidBodyKinematics_Unix\C2Euler121.m <-- pc-lov /home/lovera/mfiles/toolbox/rbk/RigidBodyKinematics_Unix C2Euler121.m
2000.12.20 11:24 B C:\marco\mfiles\toolbox\rbk\RigidBodyKinematics_Unix\C2Euler123.m <-- pc-lov /home/lovera/mfiles/toolbox/rbk/RigidBodyKinematics_Unix C2Euler123.m
2000.12.20 11:24 B C:\marco\mfiles\toolbox\rbk\RigidBodyKinematics_Unix\C2Euler131.m <-- pc-lov /home/lovera/mfiles/toolbox/rbk/RigidBodyKinematics_Unix C2Euler131.m
2000.12.20 11:24 B C:\marco\mfiles\toolbox\rbk\RigidBodyKinematics_Unix\C2Euler132.m <-- pc-lov /home/lovera/mfiles/toolbox/rbk/RigidBodyKinematics_Unix C2Euler132.m
2000.12.20 11:24 B C:\marco\mfiles\toolbox\rbk\RigidBodyKinematics_Unix\C2Euler212.m <-- pc-lov /home/lovera/mfiles/toolbox/rbk/RigidBodyKinematics_Unix C2Euler212.m
2000.12.20 11:24 B C:\marco\mfiles\toolbox\rbk\RigidBodyKinematics_Unix\C2Euler213.m <-- pc-lov /home/lovera/mfiles/toolbox/rbk/RigidBodyKinematics_Unix C2Euler213.m
2000.12.20 11:24 B C:\marco\mfiles\toolbox\rbk\RigidBodyKinematics_Unix\C2Euler231.m <-- pc-lov /home/lovera/mfiles/toolbox/rbk/RigidBodyKinematics_Unix C2Euler231.m
2000.12.20 11:24 B C:\marco\mfiles\toolbox\rbk\RigidBodyKinematics_Unix\C2Euler232.m <-- pc-lov /home/lovera/mfiles/toolbox/rbk/RigidBodyKinematics_Unix C2Euler232.m
2000.12.20 11:24 B C:\marco\mfiles\toolbox\rbk\RigidBodyKinematics_Unix\C2Euler312.m <-- pc-lov /home/lovera/mfiles/toolbox/rbk/RigidBodyKinematics_Unix C2Euler312.m
2000.12.20 11:24 B C:\marco\mfiles\toolbox\rbk\RigidBodyKinematics_Unix\C2Euler313.m <-- pc-lov /home/lovera/mfiles/toolbox/rbk/RigidBodyKinematics_Unix C2Euler313.m
2000.12.20 11:24 B C:\marco\mfiles\toolbox\rbk\RigidBodyKinematics_Unix\C2Euler321.m <-- pc-lov /home/lovera/mfiles/toolbox/rbk/RigidBodyKinematics_Unix C2Euler321.m
2000.12.20 11:24 B C:\marco\mfiles\toolbox\rbk\RigidBodyKinematics_Unix\C2Euler323.m <-- pc-lov /home/lovera/mfiles/toolbox/rbk/RigidBodyKinematics_Unix C2Euler323.m
2000.12.20 11:24 B C:\marco\mfiles\toolbox\rbk\RigidBodyKinematics_Unix\C2Gibbs.m <-- pc-lov /home/lovera/mfiles/toolbox/rbk/RigidBodyKinematics_Unix C2Gibbs.m
2000.12.20 11:24 B C:\marco\mfiles\toolbox\rbk\RigidBodyKinematics_Unix\C2MRP.m <-- pc-lov /home/lovera/mfiles/toolbox/rbk/RigidBodyKinematics_Unix C2MRP.m
2000.12.20 11:24 B C:\marco\mfiles\toolbox\rbk\RigidBodyKinematics_Unix\C2PRV.m <-- pc-lov /home/lovera/mfiles/toolbox/rbk/RigidBodyKinematics_Unix C2PRV.m
2000.12.20 11:24 B C:\marco\mfiles\toolbox\rbk\RigidBodyKinematics_Unix\dEP.m <-- pc-lov /home/lovera/mfiles/toolbox/rbk/RigidBodyKinematics_Unix dEP.m
2000.12.20 11:24 B C:\marco\mfiles\toolbox\rbk\RigidBodyKinematics_Unix\dEuler121.m <-- pc-lov /home/lovera/mfiles/toolbox/rbk/RigidBodyKinematics_Unix dEuler121.m
2000.12.20 11:24 B C:\marco\mfiles\toolbox\rbk\RigidBodyKinematics_Unix\dEuler123.m <-- pc-lov /home/lovera/mfiles/toolbox/rbk/RigidBodyKinematics_Unix dEuler123.m
2000.12.20 11:24 B C:\marco\mfiles\toolbox\rbk\RigidBodyKinematics_Unix\dEuler131.m <-- pc-lov /home/lovera/mfiles/toolbox/rbk/RigidBodyKinematics_Unix dEuler131.m
2000.12.20 11:24 B C:\marco\mfiles\toolbox\rbk\RigidBodyKinematics_Unix\dEuler132.m <-- pc-lov /home/lovera/mfiles/toolbox/rbk/RigidBodyKinematics_Unix dEuler132.m
2000.12.20 11:24 B C:\marco\mfiles\toolbox\rbk\RigidBodyKinematics_Unix\dEuler212.m <-- pc-lov /home/lovera/mfiles/toolbox/rbk/RigidBodyKinematics_Unix dEuler212.m
2000.12.20 11:24 B C:\marco\mfiles\toolbox\rbk\RigidBodyKinematics_Unix\dEuler213.m <-- pc-lov /home/lovera/mfiles/toolbox/rbk/RigidBodyKinematics_Unix dEuler213.m
2000.12.20 11:24 B C:\marco\mfiles\toolbox\rbk\RigidBodyKinematics_Unix\dEuler231.m <-- pc-lov /home/lovera/mfiles/toolbox/rbk/RigidBodyKinematics_Unix dEuler231.m
2000.12.20 11:24 B C:\marco\mfiles\toolbox\rbk\RigidBodyKinematics_Unix\dEuler232.m <-- pc-lov /home/lovera/mfiles/toolbox/rbk/RigidBodyKinematics_Unix dEuler232.m
2000.12.20 11:24 B C:\marco\mfiles\toolbox\rbk\RigidBodyKinematics_Unix\dEuler312.m <-- pc-lov /home/lovera/mfiles/toolbox/rbk/RigidBodyKinematics_Unix dEuler312.m
2000.12.20 11:24 B C:\marco\mfiles\toolbox\rbk\RigidBodyKinematics_Unix\dEuler313.m <-- pc-lov /home/lovera/mfiles/toolbox/rbk/RigidBodyKinematics_Unix dEuler313.m
2000.12.20 11:24 B C:\marco\mfiles\toolbox\rbk\RigidBodyKinematics_Unix\dEuler321.m <-- pc-lov /home/lovera/mfiles/toolbox/rbk/RigidBodyKinematics_Unix dEuler321.m
2000.12.20 11:24 B C:\marco\mfiles\toolbox\rbk\RigidBodyKinematics_Unix\dEuler323.m <-- pc-lov /home/lovera/mfiles/toolbox/rbk/RigidBodyKinematics_Unix dEuler323.m
2000.12.20 11:24 B C:\marco\mfiles\toolbox\rbk\RigidBodyKinematics_Unix\dGibbs.m <-- pc-lov /home/lovera/mfiles/toolbox/rbk/RigidBodyKinematics_Unix dGibbs.m
2000.12.20 11:24 B C:\marco\mfiles\toolbox\rbk\RigidBodyKinematics_Unix\DirCos.m <-- pc-lov /home/lovera/mfiles/toolbox/rbk/RigidBodyKinematics_Unix DirCos.m
2000.12.20 11:24 B C:\marco\mfiles\toolbox\rbk\RigidBodyKinematics_Unix\DirCos.m copy <-- pc-lov /home/lovera/mfiles/toolbox/rbk/RigidBodyKinematics_Unix DirCos.m copy
2000.12.20 11:24 B C:\marco\mfiles\toolbox\rbk\RigidBodyKinematics_Unix\dMRP.m <-- pc-lov /home/lovera/mfiles/toolbox/rbk/RigidBodyKinematics_Unix dMRP.m
2000.12.20 11:24 B C:\marco\mfiles\toolbox\rbk\RigidBodyKinematics_Unix\dPRV.m <-- pc-lov /home/lovera/mfiles/toolbox/rbk/RigidBodyKinematics_Unix dPRV.m
2000.12.20 11:24 B C:\marco\mfiles\toolbox\rbk\RigidBodyKinematics_Unix\elem2PRV.m <-- pc-lov /home/lovera/mfiles/toolbox/rbk/RigidBodyKinematics_Unix elem2PRV.m
2000.12.20 11:24 B C:\marco\mfiles\toolbox\rbk\RigidBodyKinematics_Unix\EP2C.m <-- pc-lov /home/lovera/mfiles/toolbox/rbk/RigidBodyKinematics_Unix EP2C.m
2000.12.20 11:24 B C:\marco\mfiles\toolbox\rbk\RigidBodyKinematics_Unix\EP2Euler121.m <-- pc-lov /home/lovera/mfiles/toolbox/rbk/RigidBodyKinematics_Unix EP2Euler121.m
2000.12.20 11:24 B C:\marco\mfiles\toolbox\rbk\RigidBodyKinematics_Unix\EP2Euler123.m <-- pc-lov /home/lovera/mfiles/toolbox/rbk/RigidBodyKinematics_Unix EP2Euler123.m
2000.12.20 11:24 B C:\marco\mfiles\toolbox\rbk\RigidBodyKinematics_Unix\EP2Euler131.m <-- pc-lov /home/lovera/mfiles/toolbox/rbk/RigidBodyKinematics_Unix EP2Euler131.m
2000.12.20 11:24 B C:\marco\mfiles\toolbox\rbk\RigidBodyKinematics_Unix\EP2Euler132.m <-- pc-lov /home/lovera/mfiles/toolbox/rbk/RigidBodyKinematics_Unix EP2Euler132.m
2000.12.20 11:24 B C:\marco\mfiles\toolbox\rbk\RigidBodyKinematics_Unix\EP2Euler212.m <-- pc-lov /home/lovera/mfiles/toolbox/rbk/RigidBodyKinematics_Unix EP2Euler212.m
2000.12.20 11:24 B C:\marco\mfiles\toolbox\rbk\RigidBodyKinematics_Unix\EP2Euler213.m <-- pc-lov /home/lovera/mfiles/toolbox/rbk/RigidBodyKinematics_Unix EP2Euler213.m
2000.12.20 11:24 B C:\marco\mfiles\toolbox\rbk\RigidBodyKinematics_Unix\EP2Euler231.m <-- pc-lov /home/lovera/mfiles/toolbox/rbk/RigidBodyKinematics_Unix EP2Euler231.m
2000.12.20 11:24 B C:\marco\mfiles\toolbox\rbk\RigidBodyKinematics_Unix\EP2Euler232.m <-- pc-lov /home/lovera/mfiles/toolbox/rbk/RigidBodyKinematics_Unix EP2Euler232.m
2000.12.20 11:24 B C:\marco\mfiles\toolbox\rbk\RigidBodyKinematics_Unix\EP2Euler312.m <-- pc-lov /home/lovera/mfiles/toolbox/rbk/RigidBodyKinematics_Unix EP2Euler312.m
2000.12.20 11:24 B C:\marco\mfiles\toolbox\rbk\RigidBodyKinematics_Unix\EP2Euler313.m <-- pc-lov /home/lovera/mfiles/toolbox/rbk/RigidBodyKinematics_Unix EP2Euler313.m
2000.12.20 11:24 B C:\marco\mfiles\toolbox\rbk\RigidBodyKinematics_Unix\EP2Euler321.m <-- pc-lov /home/lovera/mfiles/toolbox/rbk/RigidBodyKinematics_Unix EP2Euler321.m
2000.12.20 11:24 B C:\marco\mfiles\toolbox\rbk\RigidBodyKinematics_Unix\EP2Euler323.m <-- pc-lov /home/lovera/mfiles/toolbox/rbk/RigidBodyKinematics_Unix EP2Euler323.m
2000.12.20 11:24 B C:\marco\mfiles\toolbox\rbk\RigidBodyKinematics_Unix\EP2Gibbs.m <-- pc-lov /home/lovera/mfiles/toolbox/rbk/RigidBodyKinematics_Unix EP2Gibbs.m
2000.12.20 11:24 B C:\marco\mfiles\toolbox\rbk\RigidBodyKinematics_Unix\EP2MRP.m <-- pc-lov /home/lovera/mfiles/toolbox/rbk/RigidBodyKinematics_Unix EP2MRP.m
2000.12.20 11:24 B C:\marco\mfiles\toolbox\rbk\RigidBodyKinematics_Unix\EP2PRV.m <-- pc-lov /home/lovera/mfiles/toolbox/rbk/RigidBodyKinematics_Unix EP2PRV.m
2000.12.20 11:24 B C:\marco\mfiles\toolbox\rbk\RigidBodyKinematics_Unix\Euler1.m <-- pc-lov /home/lovera/mfiles/toolbox/rbk/RigidBodyKinematics_Unix Euler1.m
2000.12.20 11:24 B C:\marco\mfiles\toolbox\rbk\RigidBodyKinematics_Unix\Euler1212C.m <-- pc-lov /home/lovera/mfiles/toolbox/rbk/RigidBodyKinematics_Unix Euler1212C.m
2000.12.20 11:24 B C:\marco\mfiles\toolbox\rbk\RigidBodyKinematics_Unix\Euler1212EP.m <-- pc-lov /home/lovera/mfiles/toolbox/rbk/RigidBodyKinematics_Unix Euler1212EP.m
2000.12.20 11:24 B C:\marco\mfiles\toolbox\rbk\RigidBodyKinematics_Unix\Euler1212Gibbs.m <-- pc-lov /home/lovera/mfiles/toolbox/rbk/RigidBodyKinematics_Unix Euler1212Gibbs.m
2000.12.20 11:24 B C:\marco\mfiles\toolbox\rbk\RigidBodyKinematics_Unix\Euler1212MRP.m <-- pc-lov /home/lovera/mfiles/toolbox/rbk/RigidBodyKinematics_Unix Euler1212MRP.m
2000.12.20 11:24 B C:\marco\mfiles\toolbox\rbk\RigidBodyKinematics_Unix\Euler1212PRV.m <-- pc-lov /home/lovera/mfiles/toolbox/rbk/RigidBodyKinematics_Unix Euler1212PRV.m
2000.12.20 11:24 B C:\marco\mfiles\toolbox\rbk\RigidBodyKinematics_Unix\Euler1232C.m <-- pc-lov /home/lovera/mfiles/toolbox/rbk/RigidBodyKinematics_Unix Euler1232C.m
2000.12.20 11:24 B C:\marco\mfiles\toolbox\rbk\RigidBodyKinematics_Unix\Euler1232EP.m <-- pc-lov /home/lovera/mfiles/toolbox/rbk/RigidBodyKinematics_Unix Euler1232EP.m
2000.12.20 11:24 B C:\marco\mfiles\toolbox\rbk\RigidBodyKinematics_Unix\Euler1232Gibbs.m <-- pc-lov /home/lovera/mfiles/toolbox/rbk/RigidBodyKinematics_Unix Euler1232Gibbs.m
2000.12.20 11:24 B C:\marco\mfiles\toolbox\rbk\RigidBodyKinematics_Unix\Euler1232MRP.m <-- pc-lov /home/lovera/mfiles/toolbox/rbk/RigidBodyKinematics_Unix Euler1232MRP.m
2000.12.20 11:24 B C:\marco\mfiles\toolbox\rbk\RigidBodyKinematics_Unix\Euler1232PRV.m <-- pc-lov /home/lovera/mfiles/toolbox/rbk/RigidBodyKinematics_Unix Euler1232PRV.m
2000.12.20 11:24 B C:\marco\mfiles\toolbox\rbk\RigidBodyKinematics_Unix\Euler1312C.m <-- pc-lov /home/lovera/mfiles/toolbox/rbk/RigidBodyKinematics_Unix Euler1312C.m
2000.12.20 11:24 B C:\marco\mfiles\toolbox\rbk\RigidBodyKinematics_Unix\Euler1312EP.m <-- pc-lov /home/lovera/mfiles/toolbox/rbk/RigidBodyKinematics_Unix Euler1312EP.m
2000.12.20 11:24 B C:\marco\mfiles\toolbox\rbk\RigidBodyKinematics_Unix\Euler1312Gibbs.m <-- pc-lov /home/lovera/mfiles/toolbox/rbk/RigidBodyKinematics_Unix Euler1312Gibbs.m
2000.12.20 11:24 B C:\marco\mfiles\toolbox\rbk\RigidBodyKinematics_Unix\Euler1312MRP.m <-- pc-lov /home/lovera/mfiles/toolbox/rbk/RigidBodyKinematics_Unix Euler1312MRP.m
2000.12.20 11:24 B C:\marco\mfiles\toolbox\rbk\RigidBodyKinematics_Unix\Euler1312PRV.m <-- pc-lov /home/lovera/mfiles/toolbox/rbk/RigidBodyKinematics_Unix Euler1312PRV.m
2000.12.20 11:24 B C:\marco\mfiles\toolbox\rbk\RigidBodyKinematics_Unix\Euler1322C.m <-- pc-lov /home/lovera/mfiles/toolbox/rbk/RigidBodyKinematics_Unix Euler1322C.m
2000.12.20 11:24 B C:\marco\mfiles\toolbox\rbk\RigidBodyKinematics_Unix\Euler1322EP.m <-- pc-lov /home/lovera/mfiles/toolbox/rbk/RigidBodyKinematics_Unix Euler1322EP.m
2000.12.20 11:24 B C:\marco\mfiles\toolbox\rbk\RigidBodyKinematics_Unix\Euler1322Gibbs.m <-- pc-lov /home/lovera/mfiles/toolbox/rbk/RigidBodyKinematics_Unix Euler1322Gibbs.m
2000.12.20 11:24 B C:\marco\mfiles\toolbox\rbk\RigidBodyKinematics_Unix\Euler1322MRP.m <-- pc-lov /home/lovera/mfiles/toolbox/rbk/RigidBodyKinematics_Unix Euler1322MRP.m
2000.12.20 11:24 B C:\marco\mfiles\toolbox\rbk\RigidBodyKinematics_Unix\Euler1322PRV.m <-- pc-lov /home/lovera/mfiles/toolbox/rbk/RigidBodyKinematics_Unix Euler1322PRV.m
2000.12.20 11:24 B C:\marco\mfiles\toolbox\rbk\RigidBodyKinematics_Unix\Euler2.m <-- pc-lov /home/lovera/mfiles/toolbox/rbk/RigidBodyKinematics_Unix Euler2.m
2000.12.20 11:24 B C:\marco\mfiles\toolbox\rbk\RigidBodyKinematics_Unix\Euler2122C.m <-- pc-lov /home/lovera/mfiles/toolbox/rbk/RigidBodyKinematics_Unix Euler2122C.m
2000.12.20 11:24 B C:\marco\mfiles\toolbox\rbk\RigidBodyKinematics_Unix\Euler2122EP.m <-- pc-lov /home/lovera/mfiles/toolbox/rbk/RigidBodyKinematics_Unix Euler2122EP.m
2000.12.20 11:24 B C:\marco\mfiles\toolbox\rbk\RigidBodyKinematics_Unix\Euler2122Gibbs.m <-- pc-lov /home/lovera/mfiles/toolbox/rbk/RigidBodyKinematics_Unix Euler2122Gibbs.m
2000.12.20 11:24 B C:\marco\mfiles\toolbox\rbk\RigidBodyKinematics_Unix\Euler2122MRP.m <-- pc-lov /home/lovera/mfiles/toolbox/rbk/RigidBodyKinematics_Unix Euler2122MRP.m
2000.12.20 11:24 B C:\marco\mfiles\toolbox\rbk\RigidBodyKinematics_Unix\Euler2122PRV.m <-- pc-lov /home/lovera/mfiles/toolbox/rbk/RigidBodyKinematics_Unix Euler2122PRV.m
2000.12.20 11:24 B C:\marco\mfiles\toolbox\rbk\RigidBodyKinematics_Unix\Euler2132C.m <-- pc-lov /home/lovera/mfiles/toolbox/rbk/RigidBodyKinematics_Unix Euler2132C.m
2000.12.20 11:24 B C:\marco\mfiles\toolbox\rbk\RigidBodyKinematics_Unix\Euler2132EP.m <-- pc-lov /home/lovera/mfiles/toolbox/rbk/RigidBodyKinematics_Unix Euler2132EP.m
2000.12.20 11:24 B C:\marco\mfiles\toolbox\rbk\RigidBodyKinematics_Unix\Euler2132Gibbs.m <-- pc-lov /home/lovera/mfiles/toolbox/rbk/RigidBodyKinematics_Unix Euler2132Gibbs.m
2000.12.20 11:24 B C:\marco\mfiles\toolbox\rbk\RigidBodyKinematics_Unix\Euler2132MRP.m <-- pc-lov /home/lovera/mfiles/toolbox/rbk/RigidBodyKinematics_Unix Euler2132MRP.m
2000.12.20 11:24 B C:\marco\mfiles\toolbox\rbk\RigidBodyKinematics_Unix\Euler2132PRV.m <-- pc-lov /home/lovera/mfiles/toolbox/rbk/RigidBodyKinematics_Unix Euler2132PRV.m
2000.12.20 11:24 B C:\marco\mfiles\toolbox\rbk\RigidBodyKinematics_Unix\Euler2312C.m <-- pc-lov /home/lovera/mfiles/toolbox/rbk/RigidBodyKinematics_Unix Euler2312C.m
2000.12.20 11:24 B C:\marco\mfiles\toolbox\rbk\RigidBodyKinematics_Unix\Euler2312EP.m <-- pc-lov /home/lovera/mfiles/toolbox/rbk/RigidBodyKinematics_Unix Euler2312EP.m
2000.12.20 11:24 B C:\marco\mfiles\toolbox\rbk\RigidBodyKinematics_Unix\Euler2312Gibbs.m <-- pc-lov /home/lovera/mfiles/toolbox/rbk/RigidBodyKinematics_Unix Euler2312Gibbs.m
2000.12.20 11:24 B C:\marco\mfiles\toolbox\rbk\RigidBodyKinematics_Unix\Euler2312MRP.m <-- pc-lov /home/lovera/mfiles/toolbox/rbk/RigidBodyKinematics_Unix Euler2312MRP.m
2000.12.20 11:24 B C:\marco\mfiles\toolbox\rbk\RigidBodyKinematics_Unix\Euler2312PRV.m <-- pc-lov /home/lovera/mfiles/toolbox/rbk/RigidBodyKinematics_Unix Euler2312PRV.m
2000.12.20 11:24 B C:\marco\mfiles\toolbox\rbk\RigidBodyKinematics_Unix\Euler2322C.m <-- pc-lov /home/lovera/mfiles/toolbox/rbk/RigidBodyKinematics_Unix Euler2322C.m
2000.12.20 11:24 B C:\marco\mfiles\toolbox\rbk\RigidBodyKinematics_Unix\Euler2322EP.m <-- pc-lov /home/lovera/mfiles/toolbox/rbk/RigidBodyKinematics_Unix Euler2322EP.m
2000.12.20 11:24 B C:\marco\mfiles\toolbox\rbk\RigidBodyKinematics_Unix\Euler2322Gibbs.m <-- pc-lov /home/lovera/mfiles/toolbox/rbk/RigidBodyKinematics_Unix Euler2322Gibbs.m
2000.12.20 11:24 B C:\marco\mfiles\toolbox\rbk\RigidBodyKinematics_Unix\Euler2322MRP.m <-- pc-lov /home/lovera/mfiles/toolbox/rbk/RigidBodyKinematics_Unix Euler2322MRP.m
2000.12.20 11:24 B C:\marco\mfiles\toolbox\rbk\RigidBodyKinematics_Unix\Euler2322PRV.m <-- pc-lov /home/lovera/mfiles/toolbox/rbk/RigidBodyKinematics_Unix Euler2322PRV.m
2000.12.20 11:24 B C:\marco\mfiles\toolbox\rbk\RigidBodyKinematics_Unix\Euler3.m <-- pc-lov /home/lovera/mfiles/toolbox/rbk/RigidBodyKinematics_Unix Euler3.m
2000.12.20 11:24 B C:\marco\mfiles\toolbox\rbk\RigidBodyKinematics_Unix\Euler3122C.m <-- pc-lov /home/lovera/mfiles/toolbox/rbk/RigidBodyKinematics_Unix Euler3122C.m
2000.12.20 11:24 B C:\marco\mfiles\toolbox\rbk\RigidBodyKinematics_Unix\Euler3122EP.m <-- pc-lov /home/lovera/mfiles/toolbox/rbk/RigidBodyKinematics_Unix Euler3122EP.m
2000.12.20 11:24 B C:\marco\mfiles\toolbox\rbk\RigidBodyKinematics_Unix\Euler3122Gibbs.m <-- pc-lov /home/lovera/mfiles/toolbox/rbk/RigidBodyKinematics_Unix Euler3122Gibbs.m
2000.12.20 11:24 B C:\marco\mfiles\toolbox\rbk\RigidBodyKinematics_Unix\Euler3122MRP.m <-- pc-lov /home/lovera/mfiles/toolbox/rbk/RigidBodyKinematics_Unix Euler3122MRP.m
2000.12.20 11:24 B C:\marco\mfiles\toolbox\rbk\RigidBodyKinematics_Unix\Euler3122PRV.m <-- pc-lov /home/lovera/mfiles/toolbox/rbk/RigidBodyKinematics_Unix Euler3122PRV.m
2000.12.20 11:24 B C:\marco\mfiles\toolbox\rbk\RigidBodyKinematics_Unix\Euler3132C.m <-- pc-lov /home/lovera/mfiles/toolbox/rbk/RigidBodyKinematics_Unix Euler3132C.m
2000.12.20 11:24 B C:\marco\mfiles\toolbox\rbk\RigidBodyKinematics_Unix\Euler3132EP.m <-- pc-lov /home/lovera/mfiles/toolbox/rbk/RigidBodyKinematics_Unix Euler3132EP.m
2000.12.20 11:24 B C:\marco\mfiles\toolbox\rbk\RigidBodyKinematics_Unix\Euler3132Gibbs.m <-- pc-lov /home/lovera/mfiles/toolbox/rbk/RigidBodyKinematics_Unix Euler3132Gibbs.m
2000.12.20 11:24 B C:\marco\mfiles\toolbox\rbk\RigidBodyKinematics_Unix\Euler3132MRP.m <-- pc-lov /home/lovera/mfiles/toolbox/rbk/RigidBodyKinematics_Unix Euler3132MRP.m
2000.12.20 11:24 B C:\marco\mfiles\toolbox\rbk\RigidBodyKinematics_Unix\Euler3132PRV.m <-- pc-lov /home/lovera/mfiles/toolbox/rbk/RigidBodyKinematics_Unix Euler3132PRV.m
2000.12.20 11:24 B C:\marco\mfiles\toolbox\rbk\RigidBodyKinematics_Unix\Euler3212C.m <-- pc-lov /home/lovera/mfiles/toolbox/rbk/RigidBodyKinematics_Unix Euler3212C.m
2000.12.20 11:24 B C:\marco\mfiles\toolbox\rbk\RigidBodyKinematics_Unix\Euler3212EP.m <-- pc-lov /home/lovera/mfiles/toolbox/rbk/RigidBodyKinematics_Unix Euler3212EP.m
2000.12.20 11:24 B C:\marco\mfiles\toolbox\rbk\RigidBodyKinematics_Unix\Euler3212Gibbs.m <-- pc-lov /home/lovera/mfiles/toolbox/rbk/RigidBodyKinematics_Unix Euler3212Gibbs.m
2000.12.20 11:24 B C:\marco\mfiles\toolbox\rbk\RigidBodyKinematics_Unix\Euler3212MRP.m <-- pc-lov /home/lovera/mfiles/toolbox/rbk/RigidBodyKinematics_Unix Euler3212MRP.m
2000.12.20 11:24 B C:\marco\mfiles\toolbox\rbk\RigidBodyKinematics_Unix\Euler3212PRV.m <-- pc-lov /home/lovera/mfiles/toolbox/rbk/RigidBodyKinematics_Unix Euler3212PRV.m
2000.12.20 11:24 B C:\marco\mfiles\toolbox\rbk\RigidBodyKinematics_Unix\Euler3232C.m <-- pc-lov /home/lovera/mfiles/toolbox/rbk/RigidBodyKinematics_Unix Euler3232C.m
2000.12.20 11:24 B C:\marco\mfiles\toolbox\rbk\RigidBodyKinematics_Unix\Euler3232EP.m <-- pc-lov /home/lovera/mfiles/toolbox/rbk/RigidBodyKinematics_Unix Euler3232EP.m
2000.12.20 11:24 B C:\marco\mfiles\toolbox\rbk\RigidBodyKinematics_Unix\Euler3232Gibbs.m <-- pc-lov /home/lovera/mfiles/toolbox/rbk/RigidBodyKinematics_Unix Euler3232Gibbs.m
2000.12.20 11:24 B C:\marco\mfiles\toolbox\rbk\RigidBodyKinematics_Unix\Euler3232MRP.m <-- pc-lov /home/lovera/mfiles/toolbox/rbk/RigidBodyKinematics_Unix Euler3232MRP.m
2000.12.20 11:24 B C:\marco\mfiles\toolbox\rbk\RigidBodyKinematics_Unix\Euler3232PRV.m <-- pc-lov /home/lovera/mfiles/toolbox/rbk/RigidBodyKinematics_Unix Euler3232PRV.m
2000.12.20 11:24 B C:\marco\mfiles\toolbox\rbk\RigidBodyKinematics_Unix\fdx.m <-- pc-lov /home/lovera/mfiles/toolbox/rbk/RigidBodyKinematics_Unix fdx.m
2000.12.20 11:24 B C:\marco\mfiles\toolbox\rbk\RigidBodyKinematics_Unix\Gibbs2C.m <-- pc-lov /home/lovera/mfiles/toolbox/rbk/RigidBodyKinematics_Unix Gibbs2C.m
2000.12.20 11:24 B C:\marco\mfiles\toolbox\rbk\RigidBodyKinematics_Unix\Gibbs2EP.m <-- pc-lov /home/lovera/mfiles/toolbox/rbk/RigidBodyKinematics_Unix Gibbs2EP.m
2000.12.20 11:24 B C:\marco\mfiles\toolbox\rbk\RigidBodyKinematics_Unix\Gibbs2Euler121.m <-- pc-lov /home/lovera/mfiles/toolbox/rbk/RigidBodyKinematics_Unix Gibbs2Euler121.m
2000.12.20 11:24 B C:\marco\mfiles\toolbox\rbk\RigidBodyKinematics_Unix\Gibbs2Euler123.m <-- pc-lov /home/lovera/mfiles/toolbox/rbk/RigidBodyKinematics_Unix Gibbs2Euler123.m
2000.12.20 11:24 B C:\marco\mfiles\toolbox\rbk\RigidBodyKinematics_Unix\Gibbs2Euler131.m <-- pc-lov /home/lovera/mfiles/toolbox/rbk/RigidBodyKinematics_Unix Gibbs2Euler131.m
2000.12.20 11:24 B C:\marco\mfiles\toolbox\rbk\RigidBodyKinematics_Unix\Gibbs2Euler132.m <-- pc-lov /home/lovera/mfiles/toolbox/rbk/RigidBodyKinematics_Unix Gibbs2Euler132.m
2000.12.20 11:24 B C:\marco\mfiles\toolbox\rbk\RigidBodyKinematics_Unix\Gibbs2Euler212.m <-- pc-lov /home/lovera/mfiles/toolbox/rbk/RigidBodyKinematics_Unix Gibbs2Euler212.m
2000.12.20 11:24 B C:\marco\mfiles\toolbox\rbk\RigidBodyKinematics_Unix\Gibbs2Euler213.m <-- pc-lov /home/lovera/mfiles/toolbox/rbk/RigidBodyKinematics_Unix Gibbs2Euler213.m
2000.12.20 11:24 B C:\marco\mfiles\toolbox\rbk\RigidBodyKinematics_Unix\Gibbs2Euler231.m <-- pc-lov /home/lovera/mfiles/toolbox/rbk/RigidBodyKinematics_Unix Gibbs2Euler231.m
2000.12.20 11:24 B C:\marco\mfiles\toolbox\rbk\RigidBodyKinematics_Unix\Gibbs2Euler232.m <-- pc-lov /home/lovera/mfiles/toolbox/rbk/RigidBodyKinematics_Unix Gibbs2Euler232.m
2000.12.20 11:24 B C:\marco\mfiles\toolbox\rbk\RigidBodyKinematics_Unix\Gibbs2Euler312.m <-- pc-lov /home/lovera/mfiles/toolbox/rbk/RigidBodyKinematics_Unix Gibbs2Euler312.m
2000.12.20 11:24 B C:\marco\mfiles\toolbox\rbk\RigidBodyKinematics_Unix\Gibbs2Euler313.m <-- pc-lov /home/lovera/mfiles/toolbox/rbk/RigidBodyKinematics_Unix Gibbs2Euler313.m
2000.12.20 11:24 B C:\marco\mfiles\toolbox\rbk\RigidBodyKinematics_Unix\Gibbs2Euler321.m <-- pc-lov /home/lovera/mfiles/toolbox/rbk/RigidBodyKinematics_Unix Gibbs2Euler321.m
2000.12.20 11:24 B C:\marco\mfiles\toolbox\rbk\RigidBodyKinematics_Unix\Gibbs2Euler323.m <-- pc-lov /home/lovera/mfiles/toolbox/rbk/RigidBodyKinematics_Unix Gibbs2Euler323.m
2000.12.20 11:24 B C:\marco\mfiles\toolbox\rbk\RigidBodyKinematics_Unix\Gibbs2MRP.m <-- pc-lov /home/lovera/mfiles/toolbox/rbk/RigidBodyKinematics_Unix Gibbs2MRP.m
2000.12.20 11:24 B C:\marco\mfiles\toolbox\rbk\RigidBodyKinematics_Unix\Gibbs2PRV.m <-- pc-lov /home/lovera/mfiles/toolbox/rbk/RigidBodyKinematics_Unix Gibbs2PRV.m
2000.12.20 11:24 B C:\marco\mfiles\toolbox\rbk\RigidBodyKinematics_Unix\MRP2C.m <-- pc-lov /home/lovera/mfiles/toolbox/rbk/RigidBodyKinematics_Unix MRP2C.m
2000.12.20 11:24 B C:\marco\mfiles\toolbox\rbk\RigidBodyKinematics_Unix\MRP2EP.m <-- pc-lov /home/lovera/mfiles/toolbox/rbk/RigidBodyKinematics_Unix MRP2EP.m
2000.12.20 11:24 B C:\marco\mfiles\toolbox\rbk\RigidBodyKinematics_Unix\MRP2Euler121.m <-- pc-lov /home/lovera/mfiles/toolbox/rbk/RigidBodyKinematics_Unix MRP2Euler121.m
2000.12.20 11:24 B C:\marco\mfiles\toolbox\rbk\RigidBodyKinematics_Unix\MRP2Euler123.m <-- pc-lov /home/lovera/mfiles/toolbox/rbk/RigidBodyKinematics_Unix MRP2Euler123.m
2000.12.20 11:24 B C:\marco\mfiles\toolbox\rbk\RigidBodyKinematics_Unix\MRP2Euler131.m <-- pc-lov /home/lovera/mfiles/toolbox/rbk/RigidBodyKinematics_Unix MRP2Euler131.m
2000.12.20 11:24 B C:\marco\mfiles\toolbox\rbk\RigidBodyKinematics_Unix\MRP2Euler132.m <-- pc-lov /home/lovera/mfiles/toolbox/rbk/RigidBodyKinematics_Unix MRP2Euler132.m
2000.12.20 11:24 B C:\marco\mfiles\toolbox\rbk\RigidBodyKinematics_Unix\MRP2Euler212.m <-- pc-lov /home/lovera/mfiles/toolbox/rbk/RigidBodyKinematics_Unix MRP2Euler212.m
2000.12.20 11:24 B C:\marco\mfiles\toolbox\rbk\RigidBodyKinematics_Unix\MRP2Euler213.m <-- pc-lov /home/lovera/mfiles/toolbox/rbk/RigidBodyKinematics_Unix MRP2Euler213.m
2000.12.20 11:24 B C:\marco\mfiles\toolbox\rbk\RigidBodyKinematics_Unix\MRP2Euler231.m <-- pc-lov /home/lovera/mfiles/toolbox/rbk/RigidBodyKinematics_Unix MRP2Euler231.m
2000.12.20 11:24 B C:\marco\mfiles\toolbox\rbk\RigidBodyKinematics_Unix\MRP2Euler232.m <-- pc-lov /home/lovera/mfiles/toolbox/rbk/RigidBodyKinematics_Unix MRP2Euler232.m
2000.12.20 11:24 B C:\marco\mfiles\toolbox\rbk\RigidBodyKinematics_Unix\MRP2Euler312.m <-- pc-lov /home/lovera/mfiles/toolbox/rbk/RigidBodyKinematics_Unix MRP2Euler312.m
2000.12.20 11:24 B C:\marco\mfiles\toolbox\rbk\RigidBodyKinematics_Unix\MRP2Euler313.m <-- pc-lov /home/lovera/mfiles/toolbox/rbk/RigidBodyKinematics_Unix MRP2Euler313.m
2000.12.20 11:24 B C:\marco\mfiles\toolbox\rbk\RigidBodyKinematics_Unix\MRP2Euler321.m <-- pc-lov /home/lovera/mfiles/toolbox/rbk/RigidBodyKinematics_Unix MRP2Euler321.m
2000.12.20 11:24 B C:\marco\mfiles\toolbox\rbk\RigidBodyKinematics_Unix\MRP2Euler323.m <-- pc-lov /home/lovera/mfiles/toolbox/rbk/RigidBodyKinematics_Unix MRP2Euler323.m
2000.12.20 11:24 B C:\marco\mfiles\toolbox\rbk\RigidBodyKinematics_Unix\MRP2Gibbs.m <-- pc-lov /home/lovera/mfiles/toolbox/rbk/RigidBodyKinematics_Unix MRP2Gibbs.m
2000.12.20 11:24 B C:\marco\mfiles\toolbox\rbk\RigidBodyKinematics_Unix\MRP2PRV.m <-- pc-lov /home/lovera/mfiles/toolbox/rbk/RigidBodyKinematics_Unix MRP2PRV.m
2000.12.20 11:24 B C:\marco\mfiles\toolbox\rbk\RigidBodyKinematics_Unix\MRPswitch.m <-- pc-lov /home/lovera/mfiles/toolbox/rbk/RigidBodyKinematics_Unix MRPswitch.m
2000.12.20 11:24 B C:\marco\mfiles\toolbox\rbk\RigidBodyKinematics_Unix\Picheck.m <-- pc-lov /home/lovera/mfiles/toolbox/rbk/RigidBodyKinematics_Unix Picheck.m
2000.12.20 11:24 B C:\marco\mfiles\toolbox\rbk\RigidBodyKinematics_Unix\PRV2C.m <-- pc-lov /home/lovera/mfiles/toolbox/rbk/RigidBodyKinematics_Unix PRV2C.m
2000.12.20 11:24 B C:\marco\mfiles\toolbox\rbk\RigidBodyKinematics_Unix\PRV2elem.m <-- pc-lov /home/lovera/mfiles/toolbox/rbk/RigidBodyKinematics_Unix PRV2elem.m
2000.12.20 11:24 B C:\marco\mfiles\toolbox\rbk\RigidBodyKinematics_Unix\PRV2EP.m <-- pc-lov /home/lovera/mfiles/toolbox/rbk/RigidBodyKinematics_Unix PRV2EP.m
2000.12.20 11:24 B C:\marco\mfiles\toolbox\rbk\RigidBodyKinematics_Unix\PRV2Euler121.m <-- pc-lov /home/lovera/mfiles/toolbox/rbk/RigidBodyKinematics_Unix PRV2Euler121.m
2000.12.20 11:24 B C:\marco\mfiles\toolbox\rbk\RigidBodyKinematics_Unix\PRV2Euler123.m <-- pc-lov /home/lovera/mfiles/toolbox/rbk/RigidBodyKinematics_Unix PRV2Euler123.m
2000.12.20 11:24 B C:\marco\mfiles\toolbox\rbk\RigidBodyKinematics_Unix\PRV2Euler131.m <-- pc-lov /home/lovera/mfiles/toolbox/rbk/RigidBodyKinematics_Unix PRV2Euler131.m
2000.12.20 11:24 B C:\marco\mfiles\toolbox\rbk\RigidBodyKinematics_Unix\PRV2Euler132.m <-- pc-lov /home/lovera/mfiles/toolbox/rbk/RigidBodyKinematics_Unix PRV2Euler132.m
2000.12.20 11:24 B C:\marco\mfiles\toolbox\rbk\RigidBodyKinematics_Unix\PRV2Euler212.m <-- pc-lov /home/lovera/mfiles/toolbox/rbk/RigidBodyKinematics_Unix PRV2Euler212.m
2000.12.20 11:24 B C:\marco\mfiles\toolbox\rbk\RigidBodyKinematics_Unix\PRV2Euler213.m <-- pc-lov /home/lovera/mfiles/toolbox/rbk/RigidBodyKinematics_Unix PRV2Euler213.m
2000.12.20 11:24 B C:\marco\mfiles\toolbox\rbk\RigidBodyKinematics_Unix\PRV2Euler231.m <-- pc-lov /home/lovera/mfiles/toolbox/rbk/RigidBodyKinematics_Unix PRV2Euler231.m
2000.12.20 11:24 B C:\marco\mfiles\toolbox\rbk\RigidBodyKinematics_Unix\PRV2Euler232.m <-- pc-lov /home/lovera/mfiles/toolbox/rbk/RigidBodyKinematics_Unix PRV2Euler232.m
2000.12.20 11:24 B C:\marco\mfiles\toolbox\rbk\RigidBodyKinematics_Unix\PRV2Euler312.m <-- pc-lov /home/lovera/mfiles/toolbox/rbk/RigidBodyKinematics_Unix PRV2Euler312.m
2000.12.20 11:24 B C:\marco\mfiles\toolbox\rbk\RigidBodyKinematics_Unix\PRV2Euler313.m <-- pc-lov /home/lovera/mfiles/toolbox/rbk/RigidBodyKinematics_Unix PRV2Euler313.m
2000.12.20 11:24 B C:\marco\mfiles\toolbox\rbk\RigidBodyKinematics_Unix\PRV2Euler321.m <-- pc-lov /home/lovera/mfiles/toolbox/rbk/RigidBodyKinematics_Unix PRV2Euler321.m
2000.12.20 11:24 B C:\marco\mfiles\toolbox\rbk\RigidBodyKinematics_Unix\PRV2Euler323.m <-- pc-lov /home/lovera/mfiles/toolbox/rbk/RigidBodyKinematics_Unix PRV2Euler323.m
2000.12.20 11:24 B C:\marco\mfiles\toolbox\rbk\RigidBodyKinematics_Unix\PRV2Gibbs.m <-- pc-lov /home/lovera/mfiles/toolbox/rbk/RigidBodyKinematics_Unix PRV2Gibbs.m
2000.12.20 11:24 B C:\marco\mfiles\toolbox\rbk\RigidBodyKinematics_Unix\PRV2MRP.m <-- pc-lov /home/lovera/mfiles/toolbox/rbk/RigidBodyKinematics_Unix PRV2MRP.m
2000.12.20 11:24 B C:\marco\mfiles\toolbox\rbk\RigidBodyKinematics_Unix\subEP.m <-- pc-lov /home/lovera/mfiles/toolbox/rbk/RigidBodyKinematics_Unix subEP.m
2000.12.20 11:24 B C:\marco\mfiles\toolbox\rbk\RigidBodyKinematics_Unix\subEuler121.m <-- pc-lov /home/lovera/mfiles/toolbox/rbk/RigidBodyKinematics_Unix subEuler121.m
2000.12.20 11:24 B C:\marco\mfiles\toolbox\rbk\RigidBodyKinematics_Unix\subEuler123.m <-- pc-lov /home/lovera/mfiles/toolbox/rbk/RigidBodyKinematics_Unix subEuler123.m
2000.12.20 11:24 B C:\marco\mfiles\toolbox\rbk\RigidBodyKinematics_Unix\subEuler131.m <-- pc-lov /home/lovera/mfiles/toolbox/rbk/RigidBodyKinematics_Unix subEuler131.m
2000.12.20 11:24 B C:\marco\mfiles\toolbox\rbk\RigidBodyKinematics_Unix\subEuler132.m <-- pc-lov /home/lovera/mfiles/toolbox/rbk/RigidBodyKinematics_Unix subEuler132.m
2000.12.20 11:24 B C:\marco\mfiles\toolbox\rbk\RigidBodyKinematics_Unix\subEuler212.m <-- pc-lov /home/lovera/mfiles/toolbox/rbk/RigidBodyKinematics_Unix subEuler212.m
2000.12.20 11:24 B C:\marco\mfiles\toolbox\rbk\RigidBodyKinematics_Unix\subEuler213.m <-- pc-lov /home/lovera/mfiles/toolbox/rbk/RigidBodyKinematics_Unix subEuler213.m
2000.12.20 11:24 B C:\marco\mfiles\toolbox\rbk\RigidBodyKinematics_Unix\subEuler231.m <-- pc-lov /home/lovera/mfiles/toolbox/rbk/RigidBodyKinematics_Unix subEuler231.m
2000.12.20 11:24 B C:\marco\mfiles\toolbox\rbk\RigidBodyKinematics_Unix\subEuler232.m <-- pc-lov /home/lovera/mfiles/toolbox/rbk/RigidBodyKinematics_Unix subEuler232.m
2000.12.20 11:24 B C:\marco\mfiles\toolbox\rbk\RigidBodyKinematics_Unix\subEuler312.m <-- pc-lov /home/lovera/mfiles/toolbox/rbk/RigidBodyKinematics_Unix subEuler312.m
2000.12.20 11:24 B C:\marco\mfiles\toolbox\rbk\RigidBodyKinematics_Unix\subEuler313.m <-- pc-lov /home/lovera/mfiles/toolbox/rbk/RigidBodyKinematics_Unix subEuler313.m
2000.12.20 11:24 B C:\marco\mfiles\toolbox\rbk\RigidBodyKinematics_Unix\subEuler321.m <-- pc-lov /home/lovera/mfiles/toolbox/rbk/RigidBodyKinematics_Unix subEuler321.m
2000.12.20 11:24 B C:\marco\mfiles\toolbox\rbk\RigidBodyKinematics_Unix\subEuler323.m <-- pc-lov /home/lovera/mfiles/toolbox/rbk/RigidBodyKinematics_Unix subEuler323.m
2000.12.20 11:24 B C:\marco\mfiles\toolbox\rbk\RigidBodyKinematics_Unix\subGibbs.m <-- pc-lov /home/lovera/mfiles/toolbox/rbk/RigidBodyKinematics_Unix subGibbs.m
2000.12.20 11:24 B C:\marco\mfiles\toolbox\rbk\RigidBodyKinematics_Unix\subMRP.m <-- pc-lov /home/lovera/mfiles/toolbox/rbk/RigidBodyKinematics_Unix subMRP.m
2000.12.20 11:24 B C:\marco\mfiles\toolbox\rbk\RigidBodyKinematics_Unix\subPRV.m <-- pc-lov /home/lovera/mfiles/toolbox/rbk/RigidBodyKinematics_Unix subPRV.m
2000.12.20 11:24 B C:\marco\mfiles\toolbox\rbk\RigidBodyKinematics_Unix\testing.m <-- pc-lov /home/lovera/mfiles/toolbox/rbk/RigidBodyKinematics_Unix testing.m
